<?xml version="1.0" encoding="UTF-8"?>
<testng-results skipped="0" failed="1" ignored="0" total="15" passed="14">
  <reporter-output>
  </reporter-output>
  <suite name="Demo Cart App Test automtion regression suite" duration-ms="41057" started-at="2021-10-11T03:23:17Z" finished-at="2021-10-11T03:23:58Z">
    <groups>
    </groups>
    <test name="Login page Test" duration-ms="14081" started-at="2021-10-11T03:23:17Z" finished-at="2021-10-11T03:23:31Z">
      <class name="com.qa.opencart.tests.LoginPageTest">
        <test-method status="PASS" signature="setUp()[pri:0, instance:com.qa.opencart.tests.LoginPageTest@5e746d37]" name="setUp" is-config="true" duration-ms="5180" started-at="2021-10-11T03:23:17Z" finished-at="2021-10-11T03:23:22Z">
          <reporter-output>
          </reporter-output>
        </test-method> <!-- setUp -->
        <test-method status="PASS" signature="forgotPwdLinkTest()[pri:0, instance:com.qa.opencart.tests.LoginPageTest@5e746d37]" name="forgotPwdLinkTest" duration-ms="1456" started-at="2021-10-11T03:23:22Z" finished-at="2021-10-11T03:23:24Z">
          <reporter-output>
          </reporter-output>
        </test-method> <!-- forgotPwdLinkTest -->
        <test-method status="PASS" signature="loginPageTitleTest()[pri:0, instance:com.qa.opencart.tests.LoginPageTest@5e746d37]" name="loginPageTitleTest" duration-ms="12" started-at="2021-10-11T03:23:24Z" finished-at="2021-10-11T03:23:24Z">
          <reporter-output>
          </reporter-output>
        </test-method> <!-- loginPageTitleTest -->
        <test-method status="PASS" signature="loginPageUrlTest()[pri:0, instance:com.qa.opencart.tests.LoginPageTest@5e746d37]" name="loginPageUrlTest" duration-ms="10" started-at="2021-10-11T03:23:24Z" finished-at="2021-10-11T03:23:24Z">
          <reporter-output>
          </reporter-output>
        </test-method> <!-- loginPageUrlTest -->
        <test-method status="PASS" signature="loginTest()[pri:0, instance:com.qa.opencart.tests.LoginPageTest@5e746d37]" name="loginTest" duration-ms="5484" started-at="2021-10-11T03:23:24Z" finished-at="2021-10-11T03:23:29Z">
          <reporter-output>
          </reporter-output>
        </test-method> <!-- loginTest -->
        <test-method status="FAIL" signature="registerLinkTest()[pri:0, instance:com.qa.opencart.tests.LoginPageTest@5e746d37]" name="registerLinkTest" duration-ms="67" started-at="2021-10-11T03:23:29Z" finished-at="2021-10-11T03:23:29Z">
          <exception class="org.openqa.selenium.NoSuchElementException">
            <message>
              <![CDATA[no such element: Unable to locate element: {"method":"link text","selector":"Register"}
  (Session info: chrome=94.0.4606.81)
For documentation on this error, please visit: https://www.seleniumhq.org/exceptions/no_such_element.html
Build info: version: '3.141.59', revision: 'e82be7d358', time: '2018-11-14T08:17:03'
System info: host: 'naveenautomationlabss-MacBook-Pro.local', ip: 'fe80:0:0:0:18a2:b6e9:4b11:d5fb%en0', os.name: 'Mac OS X', os.arch: 'x86_64', os.version: '10.15.7', java.version: '1.8.0_261'
Driver info: org.openqa.selenium.chrome.ChromeDriver
Capabilities {acceptInsecureCerts: false, browserName: chrome, browserVersion: 94.0.4606.81, chrome: {chromedriverVersion: 94.0.4606.61 (418b78f5838ed..., userDataDir: /var/folders/_s/grkxq_lj10v...}, goog:chromeOptions: {debuggerAddress: localhost:57969}, javascriptEnabled: true, networkConnectionEnabled: false, pageLoadStrategy: normal, platform: MAC, platformName: MAC, proxy: Proxy(), setWindowRect: true, strictFileInteractability: false, timeouts: {implicit: 0, pageLoad: 300000, script: 30000}, unhandledPromptBehavior: dismiss and notify, webauthn:extension:credBlob: true, webauthn:extension:largeBlob: true, webauthn:virtualAuthenticators: true}
Session ID: 989e2930e4d188580af8deee4c1e94b5
*** Element info: {Using=link text, value=Register}]]>
            </message>
            <full-stacktrace>
              <![CDATA[org.openqa.selenium.NoSuchElementException: no such element: Unable to locate element: {"method":"link text","selector":"Register"}
  (Session info: chrome=94.0.4606.81)
For documentation on this error, please visit: https://www.seleniumhq.org/exceptions/no_such_element.html
Build info: version: '3.141.59', revision: 'e82be7d358', time: '2018-11-14T08:17:03'
System info: host: 'naveenautomationlabss-MacBook-Pro.local', ip: 'fe80:0:0:0:18a2:b6e9:4b11:d5fb%en0', os.name: 'Mac OS X', os.arch: 'x86_64', os.version: '10.15.7', java.version: '1.8.0_261'
Driver info: org.openqa.selenium.chrome.ChromeDriver
Capabilities {acceptInsecureCerts: false, browserName: chrome, browserVersion: 94.0.4606.81, chrome: {chromedriverVersion: 94.0.4606.61 (418b78f5838ed..., userDataDir: /var/folders/_s/grkxq_lj10v...}, goog:chromeOptions: {debuggerAddress: localhost:57969}, javascriptEnabled: true, networkConnectionEnabled: false, pageLoadStrategy: normal, platform: MAC, platformName: MAC, proxy: Proxy(), setWindowRect: true, strictFileInteractability: false, timeouts: {implicit: 0, pageLoad: 300000, script: 30000}, unhandledPromptBehavior: dismiss and notify, webauthn:extension:credBlob: true, webauthn:extension:largeBlob: true, webauthn:virtualAuthenticators: true}
Session ID: 989e2930e4d188580af8deee4c1e94b5
*** Element info: {Using=link text, value=Register}
at sun.reflect.NativeConstructorAccessorImpl.newInstance0(Native Method)
at sun.reflect.NativeConstructorAccessorImpl.newInstance(NativeConstructorAccessorImpl.java:62)
at sun.reflect.DelegatingConstructorAccessorImpl.newInstance(DelegatingConstructorAccessorImpl.java:45)
at java.lang.reflect.Constructor.newInstance(Constructor.java:423)
at org.openqa.selenium.remote.http.W3CHttpResponseCodec.createException(W3CHttpResponseCodec.java:187)
at org.openqa.selenium.remote.http.W3CHttpResponseCodec.decode(W3CHttpResponseCodec.java:122)
at org.openqa.selenium.remote.http.W3CHttpResponseCodec.decode(W3CHttpResponseCodec.java:49)
at org.openqa.selenium.remote.HttpCommandExecutor.execute(HttpCommandExecutor.java:158)
at org.openqa.selenium.remote.service.DriverCommandExecutor.execute(DriverCommandExecutor.java:83)
at org.openqa.selenium.remote.RemoteWebDriver.execute(RemoteWebDriver.java:552)
at org.openqa.selenium.remote.RemoteWebDriver.findElement(RemoteWebDriver.java:323)
at org.openqa.selenium.remote.RemoteWebDriver.findElementByLinkText(RemoteWebDriver.java:380)
at org.openqa.selenium.By$ByLinkText.findElement(By.java:220)
at org.openqa.selenium.remote.RemoteWebDriver.findElement(RemoteWebDriver.java:315)
at com.qa.opencart.utils.ElementUtil.getElement(ElementUtil.java:35)
at com.qa.opencart.utils.ElementUtil.doIsDiplayed(ElementUtil.java:72)
at com.qa.opencart.pages.LoginPage.isRegisterlinkExist(LoginPage.java:47)
at com.qa.opencart.tests.LoginPageTest.registerLinkTest(LoginPageTest.java:48)
at sun.reflect.NativeMethodAccessorImpl.invoke0(Native Method)
at sun.reflect.NativeMethodAccessorImpl.invoke(NativeMethodAccessorImpl.java:62)
at sun.reflect.DelegatingMethodAccessorImpl.invoke(DelegatingMethodAccessorImpl.java:43)
at java.lang.reflect.Method.invoke(Method.java:498)
at org.testng.internal.MethodInvocationHelper.invokeMethod(MethodInvocationHelper.java:124)
at org.testng.internal.Invoker.invokeMethod(Invoker.java:583)
at org.testng.internal.Invoker.invokeTestMethod(Invoker.java:719)
at org.testng.internal.Invoker.invokeTestMethods(Invoker.java:989)
at org.testng.internal.TestMethodWorker.invokeTestMethods(TestMethodWorker.java:125)
at org.testng.internal.TestMethodWorker.run(TestMethodWorker.java:109)
at org.testng.TestRunner.privateRun(TestRunner.java:648)
at org.testng.TestRunner.run(TestRunner.java:505)
at org.testng.SuiteRunner.runTest(SuiteRunner.java:455)
at org.testng.SuiteRunner.access$000(SuiteRunner.java:40)
at org.testng.SuiteRunner$SuiteWorker.run(SuiteRunner.java:489)
at org.testng.internal.thread.ThreadUtil$1.call(ThreadUtil.java:52)
at java.util.concurrent.FutureTask.run(FutureTask.java:266)
at java.util.concurrent.ThreadPoolExecutor.runWorker(ThreadPoolExecutor.java:1149)
at java.util.concurrent.ThreadPoolExecutor$Worker.run(ThreadPoolExecutor.java:624)
at java.lang.Thread.run(Thread.java:748)
]]>
            </full-stacktrace>
          </exception> <!-- org.openqa.selenium.NoSuchElementException -->
          <reporter-output>
          </reporter-output>
        </test-method> <!-- registerLinkTest -->
        <test-method status="PASS" signature="tearDown()[pri:0, instance:com.qa.opencart.tests.LoginPageTest@5e746d37]" name="tearDown" is-config="true" duration-ms="104" started-at="2021-10-11T03:23:31Z" finished-at="2021-10-11T03:23:31Z">
          <reporter-output>
          </reporter-output>
        </test-method> <!-- tearDown -->
      </class> <!-- com.qa.opencart.tests.LoginPageTest -->
    </test> <!-- Login page Test -->
    <test name="Accounts page Test" duration-ms="41057" started-at="2021-10-11T03:23:17Z" finished-at="2021-10-11T03:23:58Z">
      <class name="com.qa.opencart.tests.AccountsPageTest">
        <test-method status="PASS" signature="setUp()[pri:0, instance:com.qa.opencart.tests.AccountsPageTest@6240651f]" name="setUp" is-config="true" duration-ms="5150" started-at="2021-10-11T03:23:17Z" finished-at="2021-10-11T03:23:22Z">
          <reporter-output>
          </reporter-output>
        </test-method> <!-- setUp -->
        <test-method status="PASS" signature="accPageSetup()[pri:0, instance:com.qa.opencart.tests.AccountsPageTest@6240651f]" name="accPageSetup" is-config="true" duration-ms="5607" started-at="2021-10-11T03:23:22Z" finished-at="2021-10-11T03:23:28Z">
          <reporter-output>
          </reporter-output>
        </test-method> <!-- accPageSetup -->
        <test-method status="PASS" signature="accPageLogoutLinkTest()[pri:0, instance:com.qa.opencart.tests.AccountsPageTest@6240651f]" name="accPageLogoutLinkTest" duration-ms="994" started-at="2021-10-11T03:23:28Z" finished-at="2021-10-11T03:23:29Z">
          <reporter-output>
          </reporter-output>
        </test-method> <!-- accPageLogoutLinkTest -->
        <test-method status="PASS" signature="accPageSearchTest()[pri:0, instance:com.qa.opencart.tests.AccountsPageTest@6240651f]" name="accPageSearchTest" duration-ms="962" started-at="2021-10-11T03:23:29Z" finished-at="2021-10-11T03:23:30Z">
          <reporter-output>
          </reporter-output>
        </test-method> <!-- accPageSearchTest -->
        <test-method status="PASS" signature="accPageSecHeaderTest()[pri:0, instance:com.qa.opencart.tests.AccountsPageTest@6240651f]" name="accPageSecHeaderTest" duration-ms="81" started-at="2021-10-11T03:23:30Z" finished-at="2021-10-11T03:23:30Z">
          <reporter-output>
          </reporter-output>
        </test-method> <!-- accPageSecHeaderTest -->
        <test-method status="PASS" signature="accPageTitleTest()[pri:0, instance:com.qa.opencart.tests.AccountsPageTest@6240651f]" name="accPageTitleTest" duration-ms="34" started-at="2021-10-11T03:23:30Z" finished-at="2021-10-11T03:23:30Z">
          <reporter-output>
          </reporter-output>
        </test-method> <!-- accPageTitleTest -->
        <test-method status="PASS" signature="searchTest(java.lang.String)[pri:0, instance:com.qa.opencart.tests.AccountsPageTest@6240651f]" name="searchTest" duration-ms="3786" started-at="2021-10-11T03:23:30Z" data-provider="productData" finished-at="2021-10-11T03:23:34Z">
          <params>
            <param index="0">
              <value>
                <![CDATA[macbook]]>
              </value>
            </param>
          </params>
          <reporter-output>
          </reporter-output>
        </test-method> <!-- searchTest -->
        <test-method status="PASS" signature="searchTest(java.lang.String)[pri:0, instance:com.qa.opencart.tests.AccountsPageTest@6240651f]" name="searchTest" duration-ms="3512" started-at="2021-10-11T03:23:34Z" data-provider="productData" finished-at="2021-10-11T03:23:38Z">
          <params>
            <param index="0">
              <value>
                <![CDATA[iMac]]>
              </value>
            </param>
          </params>
          <reporter-output>
          </reporter-output>
        </test-method> <!-- searchTest -->
        <test-method status="PASS" signature="searchTest(java.lang.String)[pri:0, instance:com.qa.opencart.tests.AccountsPageTest@6240651f]" name="searchTest" duration-ms="3349" started-at="2021-10-11T03:23:38Z" data-provider="productData" finished-at="2021-10-11T03:23:41Z">
          <params>
            <param index="0">
              <value>
                <![CDATA[Apple]]>
              </value>
            </param>
          </params>
          <reporter-output>
          </reporter-output>
        </test-method> <!-- searchTest -->
        <test-method status="PASS" signature="selectProductTest(java.lang.String, java.lang.String)[pri:0, instance:com.qa.opencart.tests.AccountsPageTest@6240651f]" name="selectProductTest" duration-ms="5950" started-at="2021-10-11T03:23:41Z" data-provider="productSelectData" finished-at="2021-10-11T03:23:47Z">
          <params>
            <param index="0">
              <value>
                <![CDATA[macbook]]>
              </value>
            </param>
            <param index="1">
              <value>
                <![CDATA[MacBook Pro]]>
              </value>
            </param>
          </params>
          <reporter-output>
          </reporter-output>
        </test-method> <!-- selectProductTest -->
        <test-method status="PASS" signature="selectProductTest(java.lang.String, java.lang.String)[pri:0, instance:com.qa.opencart.tests.AccountsPageTest@6240651f]" name="selectProductTest" duration-ms="5277" started-at="2021-10-11T03:23:47Z" data-provider="productSelectData" finished-at="2021-10-11T03:23:52Z">
          <params>
            <param index="0">
              <value>
                <![CDATA[iMac]]>
              </value>
            </param>
            <param index="1">
              <value>
                <![CDATA[iMac]]>
              </value>
            </param>
          </params>
          <reporter-output>
          </reporter-output>
        </test-method> <!-- selectProductTest -->
        <test-method status="PASS" signature="selectProductTest(java.lang.String, java.lang.String)[pri:0, instance:com.qa.opencart.tests.AccountsPageTest@6240651f]" name="selectProductTest" duration-ms="5540" started-at="2021-10-11T03:23:52Z" data-provider="productSelectData" finished-at="2021-10-11T03:23:58Z">
          <params>
            <param index="0">
              <value>
                <![CDATA[Apple]]>
              </value>
            </param>
            <param index="1">
              <value>
                <![CDATA[Apple Cinema 30"]]>
              </value>
            </param>
          </params>
          <reporter-output>
          </reporter-output>
        </test-method> <!-- selectProductTest -->
        <test-method status="PASS" signature="tearDown()[pri:0, instance:com.qa.opencart.tests.AccountsPageTest@6240651f]" name="tearDown" is-config="true" duration-ms="179" started-at="2021-10-11T03:23:58Z" finished-at="2021-10-11T03:23:58Z">
          <reporter-output>
          </reporter-output>
        </test-method> <!-- tearDown -->
      </class> <!-- com.qa.opencart.tests.AccountsPageTest -->
    </test> <!-- Accounts page Test -->
  </suite> <!-- Demo Cart App Test automtion regression suite -->
</testng-results>
