<?xml version="1.0" encoding="UTF-8"?>
<!-- Generated by org.testng.reporters.JUnitXMLReporter -->
<testsuite hostname="naveenautomationlabss-MacBook-Pro.local" ignored="0" name="Accounts page Test" tests="10" failures="0" timestamp="11 Oct 2021 03:23:58 GMT" time="41.057" errors="0">
  <testcase name="accPageLogoutLinkTest" time="0.994" classname="com.qa.opencart.tests.AccountsPageTest"/>
  <testcase name="accPageSearchTest" time="0.962" classname="com.qa.opencart.tests.AccountsPageTest"/>
  <testcase name="accPageSecHeaderTest" time="0.081" classname="com.qa.opencart.tests.AccountsPageTest"/>
  <testcase name="accPageTitleTest" time="0.034" classname="com.qa.opencart.tests.AccountsPageTest"/>
  <testcase name="searchTest" time="3.786" classname="com.qa.opencart.tests.AccountsPageTest"/>
  <testcase name="searchTest" time="3.512" classname="com.qa.opencart.tests.AccountsPageTest"/>
  <testcase name="searchTest" time="3.349" classname="com.qa.opencart.tests.AccountsPageTest"/>
  <testcase name="selectProductTest" time="5.95" classname="com.qa.opencart.tests.AccountsPageTest"/>
  <testcase name="selectProductTest" time="5.277" classname="com.qa.opencart.tests.AccountsPageTest"/>
  <testcase name="selectProductTest" time="5.54" classname="com.qa.opencart.tests.AccountsPageTest"/>
</testsuite> <!-- Accounts page Test -->
